[06-Apr-2024 02:27:54 Europe/Berlin] PHP Fatal error:  Cannot declare class DBconnect, because the name is already in use in C:\xampp\htdocs\LibraNet\LibraNet\utilities\DBconnect.php on line 2
[06-Apr-2024 02:28:47 Europe/Berlin] PHP Fatal error:  Cannot declare class DBconnect, because the name is already in use in C:\xampp\htdocs\LibraNet\LibraNet\utilities\DBconnect.php on line 2
[06-Apr-2024 02:28:55 Europe/Berlin] PHP Fatal error:  Cannot declare class DBconnect, because the name is already in use in C:\xampp\htdocs\LibraNet\LibraNet\utilities\DBconnect.php on line 2
[06-Apr-2024 02:30:09 Europe/Berlin] PHP Fatal error:  Cannot declare class DBconnect, because the name is already in use in C:\xampp\htdocs\LibraNet\LibraNet\utilities\DBconnect.php on line 2
[06-Apr-2024 02:30:52 Europe/Berlin] PHP Fatal error:  Cannot declare class DBconnect, because the name is already in use in C:\xampp\htdocs\LibraNet\LibraNet\utilities\DBconnect.php on line 2
[06-Apr-2024 02:34:03 Europe/Berlin] PHP Fatal error:  Cannot declare class DBconnect, because the name is already in use in C:\xampp\htdocs\LibraNet\LibraNet\utilities\DBconnect.php on line 2
[06-Apr-2024 02:34:46 Europe/Berlin] PHP Warning:  Undefined array key "id" in C:\xampp\htdocs\LibraNet\LibraNet\index.php on line 60
[06-Apr-2024 02:34:46 Europe/Berlin] PHP Warning:  Undefined array key "id" in C:\xampp\htdocs\LibraNet\LibraNet\index.php on line 60
[06-Apr-2024 02:34:46 Europe/Berlin] PHP Warning:  Undefined array key "id" in C:\xampp\htdocs\LibraNet\LibraNet\index.php on line 60
[06-Apr-2024 02:43:16 Europe/Berlin] PHP Warning:  Undefined variable $bookObj in C:\xampp\htdocs\LibraNet\LibraNet\index.php on line 57
[06-Apr-2024 02:43:16 Europe/Berlin] PHP Fatal error:  Uncaught Error: Call to a member function getBooks() on null in C:\xampp\htdocs\LibraNet\LibraNet\index.php:57
Stack trace:
#0 {main}
  thrown in C:\xampp\htdocs\LibraNet\LibraNet\index.php on line 57
[06-Apr-2024 02:45:14 Europe/Berlin] PHP Warning:  Undefined variable $no in C:\xampp\htdocs\LibraNet\LibraNet\index.php on line 59
[06-Apr-2024 02:46:17 Europe/Berlin] PHP Warning:  Undefined variable $no in C:\xampp\htdocs\LibraNet\LibraNet\index.php on line 59
[07-Apr-2024 08:06:58 Europe/Berlin] PHP Warning:  Undefined array key "bookId" in C:\xampp\htdocs\LibraNet\LibraNet\index.php on line 68
[07-Apr-2024 08:06:58 Europe/Berlin] PHP Warning:  Undefined array key "bookId" in C:\xampp\htdocs\LibraNet\LibraNet\index.php on line 68
[07-Apr-2024 08:06:58 Europe/Berlin] PHP Warning:  Undefined array key "bookId" in C:\xampp\htdocs\LibraNet\LibraNet\index.php on line 68
[07-Apr-2024 08:06:58 Europe/Berlin] PHP Warning:  Undefined array key "bookId" in C:\xampp\htdocs\LibraNet\LibraNet\index.php on line 68
[07-Apr-2024 08:06:58 Europe/Berlin] PHP Warning:  Undefined array key "bookId" in C:\xampp\htdocs\LibraNet\LibraNet\index.php on line 68
[07-Apr-2024 08:06:58 Europe/Berlin] PHP Warning:  Undefined array key "bookId" in C:\xampp\htdocs\LibraNet\LibraNet\index.php on line 68
[07-Apr-2024 08:07:24 Europe/Berlin] PHP Warning:  Undefined array key "bookId" in C:\xampp\htdocs\LibraNet\LibraNet\index.php on line 68
[07-Apr-2024 08:07:24 Europe/Berlin] PHP Warning:  Undefined array key "bookId" in C:\xampp\htdocs\LibraNet\LibraNet\index.php on line 68
[07-Apr-2024 08:07:24 Europe/Berlin] PHP Warning:  Undefined array key "bookId" in C:\xampp\htdocs\LibraNet\LibraNet\index.php on line 68
[07-Apr-2024 08:07:24 Europe/Berlin] PHP Warning:  Undefined array key "bookId" in C:\xampp\htdocs\LibraNet\LibraNet\index.php on line 68
[07-Apr-2024 08:07:24 Europe/Berlin] PHP Warning:  Undefined array key "bookId" in C:\xampp\htdocs\LibraNet\LibraNet\index.php on line 68
[07-Apr-2024 08:07:24 Europe/Berlin] PHP Warning:  Undefined array key "bookId" in C:\xampp\htdocs\LibraNet\LibraNet\index.php on line 68
[07-Apr-2024 08:07:27 Europe/Berlin] PHP Warning:  Undefined array key "bookId" in C:\xampp\htdocs\LibraNet\LibraNet\index.php on line 68
[07-Apr-2024 08:07:27 Europe/Berlin] PHP Warning:  Undefined array key "bookId" in C:\xampp\htdocs\LibraNet\LibraNet\index.php on line 68
[07-Apr-2024 08:07:27 Europe/Berlin] PHP Warning:  Undefined array key "bookId" in C:\xampp\htdocs\LibraNet\LibraNet\index.php on line 68
[07-Apr-2024 08:07:27 Europe/Berlin] PHP Warning:  Undefined array key "bookId" in C:\xampp\htdocs\LibraNet\LibraNet\index.php on line 68
[07-Apr-2024 08:07:27 Europe/Berlin] PHP Warning:  Undefined array key "bookId" in C:\xampp\htdocs\LibraNet\LibraNet\index.php on line 68
[07-Apr-2024 08:07:27 Europe/Berlin] PHP Warning:  Undefined array key "bookId" in C:\xampp\htdocs\LibraNet\LibraNet\index.php on line 68
[07-Apr-2024 08:10:56 Europe/Berlin] PHP Warning:  Undefined array key "bookId" in C:\xampp\htdocs\LibraNet\LibraNet\index.php on line 68
[07-Apr-2024 08:10:56 Europe/Berlin] PHP Warning:  Undefined array key "bookId" in C:\xampp\htdocs\LibraNet\LibraNet\index.php on line 68
[07-Apr-2024 08:10:56 Europe/Berlin] PHP Warning:  Undefined array key "bookId" in C:\xampp\htdocs\LibraNet\LibraNet\index.php on line 68
[07-Apr-2024 08:10:56 Europe/Berlin] PHP Warning:  Undefined array key "bookId" in C:\xampp\htdocs\LibraNet\LibraNet\index.php on line 68
[07-Apr-2024 08:10:56 Europe/Berlin] PHP Warning:  Undefined array key "bookId" in C:\xampp\htdocs\LibraNet\LibraNet\index.php on line 68
[07-Apr-2024 08:10:56 Europe/Berlin] PHP Warning:  Undefined array key "bookId" in C:\xampp\htdocs\LibraNet\LibraNet\index.php on line 68
[07-Apr-2024 08:13:57 Europe/Berlin] PHP Warning:  Undefined array key "bookId" in C:\xampp\htdocs\LibraNet\LibraNet\index.php on line 68
[07-Apr-2024 08:13:57 Europe/Berlin] PHP Warning:  Undefined array key "bookId" in C:\xampp\htdocs\LibraNet\LibraNet\index.php on line 68
[07-Apr-2024 08:13:57 Europe/Berlin] PHP Warning:  Undefined array key "bookId" in C:\xampp\htdocs\LibraNet\LibraNet\index.php on line 68
[07-Apr-2024 08:13:57 Europe/Berlin] PHP Warning:  Undefined array key "bookId" in C:\xampp\htdocs\LibraNet\LibraNet\index.php on line 68
[07-Apr-2024 08:13:57 Europe/Berlin] PHP Warning:  Undefined array key "bookId" in C:\xampp\htdocs\LibraNet\LibraNet\index.php on line 68
[07-Apr-2024 08:13:57 Europe/Berlin] PHP Warning:  Undefined array key "bookId" in C:\xampp\htdocs\LibraNet\LibraNet\index.php on line 68
[07-Apr-2024 08:14:00 Europe/Berlin] PHP Warning:  Undefined array key "bookId" in C:\xampp\htdocs\LibraNet\LibraNet\index.php on line 68
[07-Apr-2024 08:14:00 Europe/Berlin] PHP Warning:  Undefined array key "bookId" in C:\xampp\htdocs\LibraNet\LibraNet\index.php on line 68
[07-Apr-2024 08:14:00 Europe/Berlin] PHP Warning:  Undefined array key "bookId" in C:\xampp\htdocs\LibraNet\LibraNet\index.php on line 68
[07-Apr-2024 08:14:00 Europe/Berlin] PHP Warning:  Undefined array key "bookId" in C:\xampp\htdocs\LibraNet\LibraNet\index.php on line 68
[07-Apr-2024 08:14:00 Europe/Berlin] PHP Warning:  Undefined array key "bookId" in C:\xampp\htdocs\LibraNet\LibraNet\index.php on line 68
[07-Apr-2024 08:14:00 Europe/Berlin] PHP Warning:  Undefined array key "bookId" in C:\xampp\htdocs\LibraNet\LibraNet\index.php on line 68
[07-Apr-2024 08:15:23 Europe/Berlin] PHP Warning:  Undefined array key "bookId" in C:\xampp\htdocs\LibraNet\LibraNet\index.php on line 68
[07-Apr-2024 08:15:23 Europe/Berlin] PHP Warning:  Undefined array key "bookId" in C:\xampp\htdocs\LibraNet\LibraNet\index.php on line 68
[07-Apr-2024 08:15:23 Europe/Berlin] PHP Warning:  Undefined array key "bookId" in C:\xampp\htdocs\LibraNet\LibraNet\index.php on line 68
[07-Apr-2024 08:15:23 Europe/Berlin] PHP Warning:  Undefined array key "bookId" in C:\xampp\htdocs\LibraNet\LibraNet\index.php on line 68
[07-Apr-2024 08:15:23 Europe/Berlin] PHP Warning:  Undefined array key "bookId" in C:\xampp\htdocs\LibraNet\LibraNet\index.php on line 68
[07-Apr-2024 08:15:23 Europe/Berlin] PHP Warning:  Undefined array key "bookId" in C:\xampp\htdocs\LibraNet\LibraNet\index.php on line 68
[07-Apr-2024 08:16:41 Europe/Berlin] PHP Warning:  Undefined array key "bookId" in C:\xampp\htdocs\LibraNet\LibraNet\index.php on line 68
[07-Apr-2024 08:16:41 Europe/Berlin] PHP Warning:  Undefined array key "bookId" in C:\xampp\htdocs\LibraNet\LibraNet\index.php on line 68
[07-Apr-2024 08:16:41 Europe/Berlin] PHP Warning:  Undefined array key "bookId" in C:\xampp\htdocs\LibraNet\LibraNet\index.php on line 68
[07-Apr-2024 08:16:41 Europe/Berlin] PHP Warning:  Undefined array key "bookId" in C:\xampp\htdocs\LibraNet\LibraNet\index.php on line 68
[07-Apr-2024 08:16:41 Europe/Berlin] PHP Warning:  Undefined array key "bookId" in C:\xampp\htdocs\LibraNet\LibraNet\index.php on line 68
[07-Apr-2024 08:16:41 Europe/Berlin] PHP Warning:  Undefined array key "bookId" in C:\xampp\htdocs\LibraNet\LibraNet\index.php on line 68
[07-Apr-2024 08:20:14 Europe/Berlin] PHP Warning:  Undefined array key "bookId" in C:\xampp\htdocs\LibraNet\LibraNet\index.php on line 68
[07-Apr-2024 08:20:14 Europe/Berlin] PHP Warning:  Undefined array key "bookId" in C:\xampp\htdocs\LibraNet\LibraNet\index.php on line 68
[07-Apr-2024 08:20:14 Europe/Berlin] PHP Warning:  Undefined array key "bookId" in C:\xampp\htdocs\LibraNet\LibraNet\index.php on line 68
[07-Apr-2024 08:20:14 Europe/Berlin] PHP Warning:  Undefined array key "bookId" in C:\xampp\htdocs\LibraNet\LibraNet\index.php on line 68
[07-Apr-2024 08:20:14 Europe/Berlin] PHP Warning:  Undefined array key "bookId" in C:\xampp\htdocs\LibraNet\LibraNet\index.php on line 68
[07-Apr-2024 08:20:14 Europe/Berlin] PHP Warning:  Undefined array key "bookId" in C:\xampp\htdocs\LibraNet\LibraNet\index.php on line 68
[07-Apr-2024 08:20:53 Europe/Berlin] PHP Warning:  Undefined array key "bookId" in C:\xampp\htdocs\LibraNet\LibraNet\index.php on line 68
[07-Apr-2024 08:20:53 Europe/Berlin] PHP Warning:  Undefined array key "bookId" in C:\xampp\htdocs\LibraNet\LibraNet\index.php on line 68
[07-Apr-2024 08:20:53 Europe/Berlin] PHP Warning:  Undefined array key "bookId" in C:\xampp\htdocs\LibraNet\LibraNet\index.php on line 68
[07-Apr-2024 08:20:53 Europe/Berlin] PHP Warning:  Undefined array key "bookId" in C:\xampp\htdocs\LibraNet\LibraNet\index.php on line 68
[07-Apr-2024 08:20:53 Europe/Berlin] PHP Warning:  Undefined array key "bookId" in C:\xampp\htdocs\LibraNet\LibraNet\index.php on line 68
[07-Apr-2024 08:20:53 Europe/Berlin] PHP Warning:  Undefined array key "bookId" in C:\xampp\htdocs\LibraNet\LibraNet\index.php on line 68
[07-Apr-2024 08:22:14 Europe/Berlin] PHP Warning:  Undefined array key "bookId" in C:\xampp\htdocs\LibraNet\LibraNet\index.php on line 68
[07-Apr-2024 08:22:14 Europe/Berlin] PHP Warning:  Undefined array key "bookId" in C:\xampp\htdocs\LibraNet\LibraNet\index.php on line 68
[07-Apr-2024 08:22:14 Europe/Berlin] PHP Warning:  Undefined array key "bookId" in C:\xampp\htdocs\LibraNet\LibraNet\index.php on line 68
[07-Apr-2024 08:22:14 Europe/Berlin] PHP Warning:  Undefined array key "bookId" in C:\xampp\htdocs\LibraNet\LibraNet\index.php on line 68
[07-Apr-2024 08:22:14 Europe/Berlin] PHP Warning:  Undefined array key "bookId" in C:\xampp\htdocs\LibraNet\LibraNet\index.php on line 68
[07-Apr-2024 08:22:14 Europe/Berlin] PHP Warning:  Undefined array key "bookId" in C:\xampp\htdocs\LibraNet\LibraNet\index.php on line 68
[07-Apr-2024 08:23:10 Europe/Berlin] PHP Warning:  Undefined array key "bookId" in C:\xampp\htdocs\LibraNet\LibraNet\index.php on line 68
[07-Apr-2024 08:23:10 Europe/Berlin] PHP Warning:  Undefined array key "bookId" in C:\xampp\htdocs\LibraNet\LibraNet\index.php on line 68
[07-Apr-2024 08:23:10 Europe/Berlin] PHP Warning:  Undefined array key "bookId" in C:\xampp\htdocs\LibraNet\LibraNet\index.php on line 68
[07-Apr-2024 08:23:10 Europe/Berlin] PHP Warning:  Undefined array key "bookId" in C:\xampp\htdocs\LibraNet\LibraNet\index.php on line 68
[07-Apr-2024 08:23:10 Europe/Berlin] PHP Warning:  Undefined array key "bookId" in C:\xampp\htdocs\LibraNet\LibraNet\index.php on line 68
[07-Apr-2024 08:23:10 Europe/Berlin] PHP Warning:  Undefined array key "bookId" in C:\xampp\htdocs\LibraNet\LibraNet\index.php on line 68
[07-Apr-2024 08:27:19 Europe/Berlin] PHP Warning:  Undefined array key "bookId" in C:\xampp\htdocs\LibraNet\LibraNet\index.php on line 68
[07-Apr-2024 08:27:19 Europe/Berlin] PHP Warning:  Undefined array key "bookId" in C:\xampp\htdocs\LibraNet\LibraNet\index.php on line 68
[07-Apr-2024 08:27:19 Europe/Berlin] PHP Warning:  Undefined array key "bookId" in C:\xampp\htdocs\LibraNet\LibraNet\index.php on line 68
[07-Apr-2024 08:27:19 Europe/Berlin] PHP Warning:  Undefined array key "bookId" in C:\xampp\htdocs\LibraNet\LibraNet\index.php on line 68
[07-Apr-2024 08:27:19 Europe/Berlin] PHP Warning:  Undefined array key "bookId" in C:\xampp\htdocs\LibraNet\LibraNet\index.php on line 68
[07-Apr-2024 08:27:19 Europe/Berlin] PHP Warning:  Undefined array key "bookId" in C:\xampp\htdocs\LibraNet\LibraNet\index.php on line 68
[07-Apr-2024 08:27:19 Europe/Berlin] PHP Warning:  Undefined array key "bookId" in C:\xampp\htdocs\LibraNet\LibraNet\index.php on line 68
[07-Apr-2024 08:39:18 Europe/Berlin] PHP Fatal error:  Uncaught Exception: Connection failed: SQLSTATE[HY000] [2002] No connection could be made because the target machine actively refused it in C:\xampp\htdocs\LibraNet\LibraNet\utilities\DBconnect.php:19
Stack trace:
#0 C:\xampp\htdocs\LibraNet\LibraNet\index.php(4): DBconnect->__construct('localhost', 'root', '', 'db_library')
#1 {main}
  thrown in C:\xampp\htdocs\LibraNet\LibraNet\utilities\DBconnect.php on line 19
[07-Apr-2024 08:39:49 Europe/Berlin] PHP Warning:  Undefined array key "bookId" in C:\xampp\htdocs\LibraNet\LibraNet\index.php on line 68
[07-Apr-2024 08:39:49 Europe/Berlin] PHP Warning:  Undefined array key "bookId" in C:\xampp\htdocs\LibraNet\LibraNet\index.php on line 68
[07-Apr-2024 08:39:49 Europe/Berlin] PHP Warning:  Undefined array key "bookId" in C:\xampp\htdocs\LibraNet\LibraNet\index.php on line 68
[07-Apr-2024 08:39:49 Europe/Berlin] PHP Warning:  Undefined array key "bookId" in C:\xampp\htdocs\LibraNet\LibraNet\index.php on line 68
[07-Apr-2024 08:39:49 Europe/Berlin] PHP Warning:  Undefined array key "bookId" in C:\xampp\htdocs\LibraNet\LibraNet\index.php on line 68
[07-Apr-2024 08:39:49 Europe/Berlin] PHP Warning:  Undefined array key "bookId" in C:\xampp\htdocs\LibraNet\LibraNet\index.php on line 68
[07-Apr-2024 08:39:49 Europe/Berlin] PHP Warning:  Undefined array key "bookId" in C:\xampp\htdocs\LibraNet\LibraNet\index.php on line 68
[07-Apr-2024 08:43:30 Europe/Berlin] PHP Warning:  Undefined array key "bookId" in C:\xampp\htdocs\LibraNet\LibraNet\index.php on line 68
[07-Apr-2024 08:43:30 Europe/Berlin] PHP Warning:  Undefined array key "bookId" in C:\xampp\htdocs\LibraNet\LibraNet\index.php on line 68
[07-Apr-2024 08:43:30 Europe/Berlin] PHP Warning:  Undefined array key "bookId" in C:\xampp\htdocs\LibraNet\LibraNet\index.php on line 68
[07-Apr-2024 08:43:30 Europe/Berlin] PHP Warning:  Undefined array key "bookId" in C:\xampp\htdocs\LibraNet\LibraNet\index.php on line 68
[07-Apr-2024 08:43:30 Europe/Berlin] PHP Warning:  Undefined array key "bookId" in C:\xampp\htdocs\LibraNet\LibraNet\index.php on line 68
[07-Apr-2024 08:43:30 Europe/Berlin] PHP Warning:  Undefined array key "bookId" in C:\xampp\htdocs\LibraNet\LibraNet\index.php on line 68
[07-Apr-2024 08:43:30 Europe/Berlin] PHP Warning:  Undefined array key "bookId" in C:\xampp\htdocs\LibraNet\LibraNet\index.php on line 68
[07-Apr-2024 08:54:10 Europe/Berlin] PHP Warning:  Undefined array key "bookId" in C:\xampp\htdocs\LibraNet\LibraNet\index.php on line 68
[07-Apr-2024 08:54:10 Europe/Berlin] PHP Warning:  Undefined array key "bookId" in C:\xampp\htdocs\LibraNet\LibraNet\index.php on line 68
[07-Apr-2024 08:54:10 Europe/Berlin] PHP Warning:  Undefined array key "bookId" in C:\xampp\htdocs\LibraNet\LibraNet\index.php on line 68
[07-Apr-2024 08:54:10 Europe/Berlin] PHP Warning:  Undefined array key "bookId" in C:\xampp\htdocs\LibraNet\LibraNet\index.php on line 68
[07-Apr-2024 08:54:10 Europe/Berlin] PHP Warning:  Undefined array key "bookId" in C:\xampp\htdocs\LibraNet\LibraNet\index.php on line 68
[07-Apr-2024 08:54:10 Europe/Berlin] PHP Warning:  Undefined array key "bookId" in C:\xampp\htdocs\LibraNet\LibraNet\index.php on line 68
[07-Apr-2024 08:54:10 Europe/Berlin] PHP Warning:  Undefined array key "bookId" in C:\xampp\htdocs\LibraNet\LibraNet\index.php on line 68
[07-Apr-2024 08:55:44 Europe/Berlin] PHP Warning:  Undefined array key "bookId" in C:\xampp\htdocs\LibraNet\LibraNet\index.php on line 68
[07-Apr-2024 08:55:44 Europe/Berlin] PHP Warning:  Undefined array key "bookId" in C:\xampp\htdocs\LibraNet\LibraNet\index.php on line 68
[07-Apr-2024 08:55:44 Europe/Berlin] PHP Warning:  Undefined array key "bookId" in C:\xampp\htdocs\LibraNet\LibraNet\index.php on line 68
[07-Apr-2024 08:55:44 Europe/Berlin] PHP Warning:  Undefined array key "bookId" in C:\xampp\htdocs\LibraNet\LibraNet\index.php on line 68
[07-Apr-2024 08:55:44 Europe/Berlin] PHP Warning:  Undefined array key "bookId" in C:\xampp\htdocs\LibraNet\LibraNet\index.php on line 68
[07-Apr-2024 08:55:44 Europe/Berlin] PHP Warning:  Undefined array key "bookId" in C:\xampp\htdocs\LibraNet\LibraNet\index.php on line 68
[07-Apr-2024 08:55:44 Europe/Berlin] PHP Warning:  Undefined array key "bookId" in C:\xampp\htdocs\LibraNet\LibraNet\index.php on line 68
[07-Apr-2024 10:35:24 Europe/Berlin] PHP Fatal error:  Cannot declare class DBconnect, because the name is already in use in C:\xampp\htdocs\LibraNet\LibraNet\utilities\DBconnect.php on line 2
